running egg_info
creating ../../../build/sensor_logger/sensor_logger.egg-info
writing ../../../build/sensor_logger/sensor_logger.egg-info/PKG-INFO
writing dependency_links to ../../../build/sensor_logger/sensor_logger.egg-info/dependency_links.txt
writing entry points to ../../../build/sensor_logger/sensor_logger.egg-info/entry_points.txt
writing requirements to ../../../build/sensor_logger/sensor_logger.egg-info/requires.txt
writing top-level names to ../../../build/sensor_logger/sensor_logger.egg-info/top_level.txt
writing manifest file '../../../build/sensor_logger/sensor_logger.egg-info/SOURCES.txt'
reading manifest file '../../../build/sensor_logger/sensor_logger.egg-info/SOURCES.txt'
writing manifest file '../../../build/sensor_logger/sensor_logger.egg-info/SOURCES.txt'
running build
running build_py
creating /home/emendezj/AgriTech/build/sensor_logger/build
creating /home/emendezj/AgriTech/build/sensor_logger/build/lib
creating /home/emendezj/AgriTech/build/sensor_logger/build/lib/sensor_logger
copying sensor_logger/__init__.py -> /home/emendezj/AgriTech/build/sensor_logger/build/lib/sensor_logger
copying sensor_logger/watering_node.py -> /home/emendezj/AgriTech/build/sensor_logger/build/lib/sensor_logger
copying sensor_logger/sensor_logger_node.py -> /home/emendezj/AgriTech/build/sensor_logger/build/lib/sensor_logger
copying sensor_logger/mission_controller.py -> /home/emendezj/AgriTech/build/sensor_logger/build/lib/sensor_logger
running install
running install_lib
creating /home/emendezj/AgriTech/install/sensor_logger/lib/python3.10/site-packages/sensor_logger
copying /home/emendezj/AgriTech/build/sensor_logger/build/lib/sensor_logger/__init__.py -> /home/emendezj/AgriTech/install/sensor_logger/lib/python3.10/site-packages/sensor_logger
copying /home/emendezj/AgriTech/build/sensor_logger/build/lib/sensor_logger/watering_node.py -> /home/emendezj/AgriTech/install/sensor_logger/lib/python3.10/site-packages/sensor_logger
copying /home/emendezj/AgriTech/build/sensor_logger/build/lib/sensor_logger/sensor_logger_node.py -> /home/emendezj/AgriTech/install/sensor_logger/lib/python3.10/site-packages/sensor_logger
copying /home/emendezj/AgriTech/build/sensor_logger/build/lib/sensor_logger/mission_controller.py -> /home/emendezj/AgriTech/install/sensor_logger/lib/python3.10/site-packages/sensor_logger
byte-compiling /home/emendezj/AgriTech/install/sensor_logger/lib/python3.10/site-packages/sensor_logger/__init__.py to __init__.cpython-310.pyc
byte-compiling /home/emendezj/AgriTech/install/sensor_logger/lib/python3.10/site-packages/sensor_logger/watering_node.py to watering_node.cpython-310.pyc
byte-compiling /home/emendezj/AgriTech/install/sensor_logger/lib/python3.10/site-packages/sensor_logger/sensor_logger_node.py to sensor_logger_node.cpython-310.pyc
byte-compiling /home/emendezj/AgriTech/install/sensor_logger/lib/python3.10/site-packages/sensor_logger/mission_controller.py to mission_controller.cpython-310.pyc
running install_data
creating /home/emendezj/AgriTech/install/sensor_logger/share/ament_index
creating /home/emendezj/AgriTech/install/sensor_logger/share/ament_index/resource_index
creating /home/emendezj/AgriTech/install/sensor_logger/share/ament_index/resource_index/packages
copying resource/sensor_logger -> /home/emendezj/AgriTech/install/sensor_logger/share/ament_index/resource_index/packages
copying package.xml -> /home/emendezj/AgriTech/install/sensor_logger/share/sensor_logger
running install_egg_info
Copying ../../../build/sensor_logger/sensor_logger.egg-info to /home/emendezj/AgriTech/install/sensor_logger/lib/python3.10/site-packages/sensor_logger-2.0.0-py3.10.egg-info
running install_scripts
Installing mission script to /home/emendezj/AgriTech/install/sensor_logger/lib/sensor_logger
Installing sensor_logger script to /home/emendezj/AgriTech/install/sensor_logger/lib/sensor_logger
Installing watering script to /home/emendezj/AgriTech/install/sensor_logger/lib/sensor_logger
writing list of installed files to '/home/emendezj/AgriTech/build/sensor_logger/install.log'
