[0.582s] Invoking command in '/home/emendezj/AgriTech/ros2_ws/src/sensor_logger': PYTHONPATH=/home/emendezj/AgriTech/build/sensor_logger/prefix_override:/usr/lib/python3/dist-packages/colcon_core/task/python/colcon_distutils_commands:/home/emendezj/AgriTech/install/sensor_logger/lib/python3.10/site-packages:${PYTHONPATH} /usr/bin/python3 -W ignore:setup.py install is deprecated -W ignore:easy_install command is deprecated setup.py egg_info --egg-base ../../../build/sensor_logger build --build-base /home/emendezj/AgriTech/build/sensor_logger/build install --record /home/emendezj/AgriTech/build/sensor_logger/install.log --single-version-externally-managed install_data
[0.794s] running egg_info
[0.794s] creating ../../../build/sensor_logger/sensor_logger.egg-info
[0.794s] writing ../../../build/sensor_logger/sensor_logger.egg-info/PKG-INFO
[0.794s] writing dependency_links to ../../../build/sensor_logger/sensor_logger.egg-info/dependency_links.txt
[0.794s] writing entry points to ../../../build/sensor_logger/sensor_logger.egg-info/entry_points.txt
[0.795s] writing requirements to ../../../build/sensor_logger/sensor_logger.egg-info/requires.txt
[0.795s] writing top-level names to ../../../build/sensor_logger/sensor_logger.egg-info/top_level.txt
[0.795s] writing manifest file '../../../build/sensor_logger/sensor_logger.egg-info/SOURCES.txt'
[0.795s] reading manifest file '../../../build/sensor_logger/sensor_logger.egg-info/SOURCES.txt'
[0.796s] writing manifest file '../../../build/sensor_logger/sensor_logger.egg-info/SOURCES.txt'
[0.796s] running build
[0.796s] running build_py
[0.796s] creating /home/emendezj/AgriTech/build/sensor_logger/build
[0.796s] creating /home/emendezj/AgriTech/build/sensor_logger/build/lib
[0.796s] creating /home/emendezj/AgriTech/build/sensor_logger/build/lib/sensor_logger
[0.796s] copying sensor_logger/__init__.py -> /home/emendezj/AgriTech/build/sensor_logger/build/lib/sensor_logger
[0.796s] copying sensor_logger/watering_node.py -> /home/emendezj/AgriTech/build/sensor_logger/build/lib/sensor_logger
[0.796s] copying sensor_logger/sensor_logger_node.py -> /home/emendezj/AgriTech/build/sensor_logger/build/lib/sensor_logger
[0.796s] copying sensor_logger/mission_controller.py -> /home/emendezj/AgriTech/build/sensor_logger/build/lib/sensor_logger
[0.796s] running install
[0.797s] running install_lib
[0.797s] creating /home/emendezj/AgriTech/install/sensor_logger/lib/python3.10/site-packages/sensor_logger
[0.797s] copying /home/emendezj/AgriTech/build/sensor_logger/build/lib/sensor_logger/__init__.py -> /home/emendezj/AgriTech/install/sensor_logger/lib/python3.10/site-packages/sensor_logger
[0.797s] copying /home/emendezj/AgriTech/build/sensor_logger/build/lib/sensor_logger/watering_node.py -> /home/emendezj/AgriTech/install/sensor_logger/lib/python3.10/site-packages/sensor_logger
[0.797s] copying /home/emendezj/AgriTech/build/sensor_logger/build/lib/sensor_logger/sensor_logger_node.py -> /home/emendezj/AgriTech/install/sensor_logger/lib/python3.10/site-packages/sensor_logger
[0.798s] copying /home/emendezj/AgriTech/build/sensor_logger/build/lib/sensor_logger/mission_controller.py -> /home/emendezj/AgriTech/install/sensor_logger/lib/python3.10/site-packages/sensor_logger
[0.798s] byte-compiling /home/emendezj/AgriTech/install/sensor_logger/lib/python3.10/site-packages/sensor_logger/__init__.py to __init__.cpython-310.pyc
[0.798s] byte-compiling /home/emendezj/AgriTech/install/sensor_logger/lib/python3.10/site-packages/sensor_logger/watering_node.py to watering_node.cpython-310.pyc
[0.800s] byte-compiling /home/emendezj/AgriTech/install/sensor_logger/lib/python3.10/site-packages/sensor_logger/sensor_logger_node.py to sensor_logger_node.cpython-310.pyc
[0.801s] byte-compiling /home/emendezj/AgriTech/install/sensor_logger/lib/python3.10/site-packages/sensor_logger/mission_controller.py to mission_controller.cpython-310.pyc
[0.801s] running install_data
[0.801s] creating /home/emendezj/AgriTech/install/sensor_logger/share/ament_index
[0.801s] creating /home/emendezj/AgriTech/install/sensor_logger/share/ament_index/resource_index
[0.801s] creating /home/emendezj/AgriTech/install/sensor_logger/share/ament_index/resource_index/packages
[0.801s] copying resource/sensor_logger -> /home/emendezj/AgriTech/install/sensor_logger/share/ament_index/resource_index/packages
[0.801s] copying package.xml -> /home/emendezj/AgriTech/install/sensor_logger/share/sensor_logger
[0.801s] running install_egg_info
[0.803s] Copying ../../../build/sensor_logger/sensor_logger.egg-info to /home/emendezj/AgriTech/install/sensor_logger/lib/python3.10/site-packages/sensor_logger-2.0.0-py3.10.egg-info
[0.803s] running install_scripts
[0.819s] Installing mission script to /home/emendezj/AgriTech/install/sensor_logger/lib/sensor_logger
[0.819s] Installing sensor_logger script to /home/emendezj/AgriTech/install/sensor_logger/lib/sensor_logger
[0.819s] Installing watering script to /home/emendezj/AgriTech/install/sensor_logger/lib/sensor_logger
[0.820s] writing list of installed files to '/home/emendezj/AgriTech/build/sensor_logger/install.log'
[0.831s] Invoked command in '/home/emendezj/AgriTech/ros2_ws/src/sensor_logger' returned '0': PYTHONPATH=/home/emendezj/AgriTech/build/sensor_logger/prefix_override:/usr/lib/python3/dist-packages/colcon_core/task/python/colcon_distutils_commands:/home/emendezj/AgriTech/install/sensor_logger/lib/python3.10/site-packages:${PYTHONPATH} /usr/bin/python3 -W ignore:setup.py install is deprecated -W ignore:easy_install command is deprecated setup.py egg_info --egg-base ../../../build/sensor_logger build --build-base /home/emendezj/AgriTech/build/sensor_logger/build install --record /home/emendezj/AgriTech/build/sensor_logger/install.log --single-version-externally-managed install_data
