/home/emendezj/AgriTech/install/sensor_logger/lib/python3.10/site-packages/sensor_logger/__init__.py
/home/emendezj/AgriTech/install/sensor_logger/lib/python3.10/site-packages/sensor_logger/watering_node.py
/home/emendezj/AgriTech/install/sensor_logger/lib/python3.10/site-packages/sensor_logger/sensor_logger_node.py
/home/emendezj/AgriTech/install/sensor_logger/lib/python3.10/site-packages/sensor_logger/mission_controller.py
/home/emendezj/AgriTech/install/sensor_logger/lib/python3.10/site-packages/sensor_logger/__pycache__/__init__.cpython-310.pyc
/home/emendezj/AgriTech/install/sensor_logger/lib/python3.10/site-packages/sensor_logger/__pycache__/watering_node.cpython-310.pyc
/home/emendezj/AgriTech/install/sensor_logger/lib/python3.10/site-packages/sensor_logger/__pycache__/sensor_logger_node.cpython-310.pyc
/home/emendezj/AgriTech/install/sensor_logger/lib/python3.10/site-packages/sensor_logger/__pycache__/mission_controller.cpython-310.pyc
/home/emendezj/AgriTech/install/sensor_logger/share/ament_index/resource_index/packages/sensor_logger
/home/emendezj/AgriTech/install/sensor_logger/share/sensor_logger/package.xml
/home/emendezj/AgriTech/install/sensor_logger/lib/python3.10/site-packages/sensor_logger-2.0.0-py3.10.egg-info/dependency_links.txt
/home/emendezj/AgriTech/install/sensor_logger/lib/python3.10/site-packages/sensor_logger-2.0.0-py3.10.egg-info/entry_points.txt
/home/emendezj/AgriTech/install/sensor_logger/lib/python3.10/site-packages/sensor_logger-2.0.0-py3.10.egg-info/requires.txt
/home/emendezj/AgriTech/install/sensor_logger/lib/python3.10/site-packages/sensor_logger-2.0.0-py3.10.egg-info/SOURCES.txt
/home/emendezj/AgriTech/install/sensor_logger/lib/python3.10/site-packages/sensor_logger-2.0.0-py3.10.egg-info/top_level.txt
/home/emendezj/AgriTech/install/sensor_logger/lib/python3.10/site-packages/sensor_logger-2.0.0-py3.10.egg-info/zip-safe
/home/emendezj/AgriTech/install/sensor_logger/lib/python3.10/site-packages/sensor_logger-2.0.0-py3.10.egg-info/PKG-INFO
/home/emendezj/AgriTech/install/sensor_logger/lib/sensor_logger/mission
/home/emendezj/AgriTech/install/sensor_logger/lib/sensor_logger/sensor_logger
/home/emendezj/AgriTech/install/sensor_logger/lib/sensor_logger/watering
